

Started GET "/" for 127.0.0.1 at 2014-04-04 20:49:08 -0700
  [1m[36mActiveRecord::SchemaMigration Load (0.1ms)[0m  [1mSELECT "schema_migrations".* FROM "schema_migrations"[0m
Processing by HomesController#index as HTML
  [1m[35mHome Load (0.1ms)[0m  SELECT "lgcs".* FROM "lgcs"
  Rendered homes/index.html.erb within layouts/application (33.8ms)
Completed 200 OK in 75ms (Views: 57.0ms | ActiveRecord: 0.4ms)


Started GET "/assets/application.css?body=1" for 127.0.0.1 at 2014-04-04 20:49:08 -0700


Started GET "/assets/homes.css?body=1" for 127.0.0.1 at 2014-04-04 20:49:08 -0700


Started GET "/assets/scaffolds.css?body=1" for 127.0.0.1 at 2014-04-04 20:49:08 -0700


Started GET "/assets/jquery.js?body=1" for 127.0.0.1 at 2014-04-04 20:49:08 -0700


Started GET "/assets/jquery_ujs.js?body=1" for 127.0.0.1 at 2014-04-04 20:49:08 -0700


Started GET "/assets/turbolinks.js?body=1" for 127.0.0.1 at 2014-04-04 20:49:08 -0700


Started GET "/assets/homes.js?body=1" for 127.0.0.1 at 2014-04-04 20:49:08 -0700


Started GET "/assets/application.js?body=1" for 127.0.0.1 at 2014-04-04 20:49:08 -0700


Started GET "/" for 127.0.0.1 at 2014-04-04 20:49:18 -0700
  [1m[36mActiveRecord::SchemaMigration Load (0.1ms)[0m  [1mSELECT "schema_migrations".* FROM "schema_migrations"[0m
Processing by HomesController#index as HTML
  [1m[35mHome Load (0.2ms)[0m  SELECT "lgcs".* FROM "lgcs"
  Rendered homes/index.html.erb within layouts/application (32.8ms)
Completed 200 OK in 84ms (Views: 59.4ms | ActiveRecord: 0.7ms)


Started GET "/assets/application.css?body=1" for 127.0.0.1 at 2014-04-04 20:49:19 -0700


Started GET "/assets/homes.css?body=1" for 127.0.0.1 at 2014-04-04 20:49:19 -0700


Started GET "/assets/scaffolds.css?body=1" for 127.0.0.1 at 2014-04-04 20:49:19 -0700


Started GET "/assets/jquery.js?body=1" for 127.0.0.1 at 2014-04-04 20:49:19 -0700


Started GET "/assets/jquery_ujs.js?body=1" for 127.0.0.1 at 2014-04-04 20:49:19 -0700


Started GET "/assets/turbolinks.js?body=1" for 127.0.0.1 at 2014-04-04 20:49:19 -0700


Started GET "/assets/homes.js?body=1" for 127.0.0.1 at 2014-04-04 20:49:19 -0700


Started GET "/assets/application.js?body=1" for 127.0.0.1 at 2014-04-04 20:49:19 -0700


Started GET "/" for 127.0.0.1 at 2014-04-05 12:27:36 -0700
  [1m[36mActiveRecord::SchemaMigration Load (0.6ms)[0m  [1mSELECT "schema_migrations".* FROM "schema_migrations"[0m
Processing by HomesController#index as HTML
  [1m[35mHome Load (0.5ms)[0m  SELECT "lgcs".* FROM "lgcs"
  Rendered homes/index.html.erb within layouts/application (2.9ms)
Completed 500 Internal Server Error in 53ms

ActionView::Template::Error (File to import not found or unreadable: helpers.
Load paths:
  /Users/evanburchard/projects/legacy/app/assets/images
  /Users/evanburchard/projects/legacy/app/assets/javascripts
  /Users/evanburchard/projects/legacy/app/assets/stylesheets
  /Users/evanburchard/projects/legacy/vendor/assets/javascripts
  /Users/evanburchard/projects/legacy/vendor/assets/stylesheets
  /Users/evanburchard/.rvm/gems/ruby-2.0.0-p247/gems/turbolinks-2.2.1/lib/assets/javascripts
  /Users/evanburchard/.rvm/gems/ruby-2.0.0-p247/gems/jquery-rails-3.1.0/vendor/assets/javascripts
  /Users/evanburchard/.rvm/gems/ruby-2.0.0-p247/gems/coffee-rails-4.0.1/lib/assets/javascripts
  (in /Users/evanburchard/projects/legacy/app/assets/stylesheets/scaffolds.css.scss:74)):
    26:   <meta name="twitter:image" content="" />
    27: 
    28:   <title>Legacy</title>
    29:   <%= stylesheet_link_tag    "application", media: "all", "data-turbolinks-track" => true %>
    30:   <%= javascript_include_tag "application", "data-turbolinks-track" => true %>
    31:   <%= csrf_meta_tags %>
    32: </head>
  app/assets/stylesheets/scaffolds.css.scss:74
  app/views/layouts/application.html.erb:29:in `_app_views_layouts_application_html_erb___3697483071167398811_70326587449720'


  Rendered /Users/evanburchard/.rvm/gems/ruby-2.0.0-p247/gems/actionpack-4.0.2/lib/action_dispatch/middleware/templates/rescues/_trace.erb (1.0ms)
  Rendered /Users/evanburchard/.rvm/gems/ruby-2.0.0-p247/gems/actionpack-4.0.2/lib/action_dispatch/middleware/templates/rescues/_request_and_response.erb (1.1ms)
  Rendered /Users/evanburchard/.rvm/gems/ruby-2.0.0-p247/gems/actionpack-4.0.2/lib/action_dispatch/middleware/templates/rescues/template_error.erb within rescues/layout (12.4ms)


Started GET "/" for 127.0.0.1 at 2014-04-05 12:28:30 -0700
Processing by HomesController#index as HTML
  [1m[36mHome Load (0.1ms)[0m  [1mSELECT "lgcs".* FROM "lgcs"[0m
  Rendered homes/index.html.erb within layouts/application (0.6ms)
Completed 500 Internal Server Error in 11ms

ActionView::Template::Error (File to import not found or unreadable: helpers.
Load paths:
  /Users/evanburchard/projects/legacy/app/assets/images
  /Users/evanburchard/projects/legacy/app/assets/javascripts
  /Users/evanburchard/projects/legacy/app/assets/stylesheets
  /Users/evanburchard/projects/legacy/vendor/assets/javascripts
  /Users/evanburchard/projects/legacy/vendor/assets/stylesheets
  /Users/evanburchard/.rvm/gems/ruby-2.0.0-p247/gems/turbolinks-2.2.1/lib/assets/javascripts
  /Users/evanburchard/.rvm/gems/ruby-2.0.0-p247/gems/jquery-rails-3.1.0/vendor/assets/javascripts
  /Users/evanburchard/.rvm/gems/ruby-2.0.0-p247/gems/coffee-rails-4.0.1/lib/assets/javascripts
  (in /Users/evanburchard/projects/legacy/app/assets/stylesheets/scaffolds.css.scss:74)):
    26:   <meta name="twitter:image" content="" />
    27: 
    28:   <title>Legacy</title>
    29:   <%= stylesheet_link_tag    "application", media: "all", "data-turbolinks-track" => true %>
    30:   <%= javascript_include_tag "application", "data-turbolinks-track" => true %>
    31:   <%= csrf_meta_tags %>
    32: </head>
  app/assets/stylesheets/scaffolds.css.scss:74
  app/views/layouts/application.html.erb:29:in `_app_views_layouts_application_html_erb___3697483071167398811_70326587449720'


  Rendered /Users/evanburchard/.rvm/gems/ruby-2.0.0-p247/gems/actionpack-4.0.2/lib/action_dispatch/middleware/templates/rescues/_trace.erb (0.9ms)
  Rendered /Users/evanburchard/.rvm/gems/ruby-2.0.0-p247/gems/actionpack-4.0.2/lib/action_dispatch/middleware/templates/rescues/_request_and_response.erb (0.9ms)
  Rendered /Users/evanburchard/.rvm/gems/ruby-2.0.0-p247/gems/actionpack-4.0.2/lib/action_dispatch/middleware/templates/rescues/template_error.erb within rescues/layout (8.3ms)


Started GET "/" for 127.0.0.1 at 2014-04-05 12:29:44 -0700
Processing by HomesController#index as HTML
  [1m[35mHome Load (0.1ms)[0m  SELECT "lgcs".* FROM "lgcs"
  Rendered homes/index.html.erb within layouts/homes (0.6ms)
Completed 200 OK in 3ms (Views: 2.2ms | ActiveRecord: 0.1ms)


Started GET "/" for 127.0.0.1 at 2014-04-05 12:30:26 -0700
Processing by HomesController#index as HTML
  [1m[36mHome Load (0.1ms)[0m  [1mSELECT "lgcs".* FROM "lgcs"[0m
  Rendered homes/index.html.erb within layouts/homes (0.5ms)
Completed 200 OK in 2ms (Views: 1.5ms | ActiveRecord: 0.1ms)


Started GET "/" for 127.0.0.1 at 2014-04-05 12:41:20 -0700
  [1m[36mActiveRecord::SchemaMigration Load (0.2ms)[0m  [1mSELECT "schema_migrations".* FROM "schema_migrations"[0m
Processing by HomesController#index as HTML
  [1m[35mHome Load (0.1ms)[0m  SELECT "lgcs".* FROM "lgcs"
  Rendered homes/index.html.erb within layouts/homes (1.4ms)
Completed 200 OK in 23ms (Views: 5.8ms | ActiveRecord: 0.3ms)


Started GET "/" for 127.0.0.1 at 2014-04-05 12:41:29 -0700
Processing by HomesController#index as HTML
  [1m[36mHome Load (0.1ms)[0m  [1mSELECT "lgcs".* FROM "lgcs"[0m
  Rendered homes/index.html.erb within layouts/homes (0.5ms)
Completed 200 OK in 2ms (Views: 1.4ms | ActiveRecord: 0.1ms)


Started GET "/" for 127.0.0.1 at 2014-04-05 12:42:20 -0700
Processing by HomesController#index as HTML
  [1m[35mHome Load (0.1ms)[0m  SELECT "lgcs".* FROM "lgcs"
  Rendered homes/index.html.erb within layouts/homes (0.4ms)
Completed 200 OK in 2ms (Views: 1.2ms | ActiveRecord: 0.1ms)


Started GET "/" for 127.0.0.1 at 2014-04-05 12:47:54 -0700
  [1m[36mActiveRecord::SchemaMigration Load (0.1ms)[0m  [1mSELECT "schema_migrations".* FROM "schema_migrations"[0m
Processing by HomesController#index as HTML
  [1m[35mHome Load (0.1ms)[0m  SELECT "lgcs".* FROM "lgcs"
  Rendered homes/index.html.erb within layouts/homes (1.5ms)
Completed 200 OK in 22ms (Views: 5.9ms | ActiveRecord: 0.3ms)


Started GET "/" for 127.0.0.1 at 2014-04-05 12:47:55 -0700
Processing by HomesController#index as HTML
  [1m[36mHome Load (0.1ms)[0m  [1mSELECT "lgcs".* FROM "lgcs"[0m
  Rendered homes/index.html.erb within layouts/homes (0.5ms)
Completed 200 OK in 2ms (Views: 1.7ms | ActiveRecord: 0.1ms)
  [1m[36mActiveRecord::SchemaMigration Load (0.2ms)[0m  [1mSELECT "schema_migrations".* FROM "schema_migrations"[0m
  [1m[35mActiveRecord::SchemaMigration Load (0.1ms)[0m  SELECT "schema_migrations".* FROM "schema_migrations"
  [1m[36m (0.1ms)[0m  [1mbegin transaction[0m
  [1m[35mFixture Delete (1.1ms)[0m  DELETE FROM "lgcs"
  [1m[36mFixture Insert (0.4ms)[0m  [1mINSERT INTO "lgcs" ("created_at", "updated_at", "id") VALUES ('2015-08-10 08:17:03', '2015-08-10 08:17:03', 980190962)[0m
  [1m[35mFixture Insert (0.1ms)[0m  INSERT INTO "lgcs" ("created_at", "updated_at", "id") VALUES ('2015-08-10 08:17:03', '2015-08-10 08:17:03', 298486374)
  [1m[36m (0.7ms)[0m  [1mcommit transaction[0m
  [1m[35m (0.0ms)[0m  begin transaction
--------------------------------------------
HomesControllerTest: test_should_create_home
--------------------------------------------
  [1m[36mHome Load (0.3ms)[0m  [1mSELECT  "lgcs".* FROM "lgcs"  WHERE "lgcs"."id" = ? LIMIT 1[0m  [["id", 980190962]]
  [1m[35m (0.1ms)[0m  SELECT COUNT(*) FROM "lgcs"
Processing by HomesController#create as HTML
  Parameters: {"home"=>{}}
Can't verify CSRF token authenticity
Completed 422 Unprocessable Entity in 1ms
  [1m[36m (0.1ms)[0m  [1mrollback transaction[0m
  [1m[35m (0.0ms)[0m  begin transaction
---------------------------------------------
HomesControllerTest: test_should_destroy_home
---------------------------------------------
  [1m[36mHome Load (0.1ms)[0m  [1mSELECT  "lgcs".* FROM "lgcs"  WHERE "lgcs"."id" = ? LIMIT 1[0m  [["id", 980190962]]
  [1m[35m (0.1ms)[0m  SELECT COUNT(*) FROM "lgcs"
Processing by HomesController#destroy as HTML
  Parameters: {"id"=>"980190962"}
Can't verify CSRF token authenticity
Completed 422 Unprocessable Entity in 0ms
  [1m[36m (0.1ms)[0m  [1mrollback transaction[0m
  [1m[35m (0.1ms)[0m  begin transaction
-----------------------------------------
HomesControllerTest: test_should_get_edit
-----------------------------------------
  [1m[36mHome Load (0.1ms)[0m  [1mSELECT  "lgcs".* FROM "lgcs"  WHERE "lgcs"."id" = ? LIMIT 1[0m  [["id", 980190962]]
Processing by HomesController#edit as HTML
  Parameters: {"id"=>"980190962"}
  [1m[35mHome Load (0.0ms)[0m  SELECT  "lgcs".* FROM "lgcs"  WHERE "lgcs"."id" = ? LIMIT 1  [["id", 980190962]]
  Rendered homes/_form.html.erb (18.6ms)
Completed 200 OK in 35ms (Views: 34.3ms | ActiveRecord: 0.0ms)
  [1m[36m (0.3ms)[0m  [1mrollback transaction[0m
  [1m[35m (0.1ms)[0m  begin transaction
------------------------------------------
HomesControllerTest: test_should_get_index
------------------------------------------
  [1m[36mHome Load (0.1ms)[0m  [1mSELECT  "lgcs".* FROM "lgcs"  WHERE "lgcs"."id" = ? LIMIT 1[0m  [["id", 980190962]]
Processing by HomesController#index as HTML
  [1m[35mHome Load (0.1ms)[0m  SELECT "lgcs".* FROM "lgcs"
Completed 200 OK in 3ms (Views: 3.0ms | ActiveRecord: 0.1ms)
  [1m[36m (0.1ms)[0m  [1mrollback transaction[0m
  [1m[35m (0.1ms)[0m  begin transaction
----------------------------------------
HomesControllerTest: test_should_get_new
----------------------------------------
  [1m[36mHome Load (0.1ms)[0m  [1mSELECT  "lgcs".* FROM "lgcs"  WHERE "lgcs"."id" = ? LIMIT 1[0m  [["id", 980190962]]
Processing by HomesController#new as HTML
  Rendered homes/_form.html.erb (1.2ms)
Completed 200 OK in 15ms (Views: 14.4ms | ActiveRecord: 0.0ms)
  [1m[35m (0.1ms)[0m  rollback transaction
  [1m[36m (0.0ms)[0m  [1mbegin transaction[0m
------------------------------------------
HomesControllerTest: test_should_show_home
------------------------------------------
  [1m[35mHome Load (0.1ms)[0m  SELECT  "lgcs".* FROM "lgcs"  WHERE "lgcs"."id" = ? LIMIT 1  [["id", 980190962]]
Processing by HomesController#show as HTML
  Parameters: {"id"=>"980190962"}
  [1m[36mHome Load (0.0ms)[0m  [1mSELECT  "lgcs".* FROM "lgcs"  WHERE "lgcs"."id" = ? LIMIT 1[0m  [["id", 980190962]]
Completed 200 OK in 2ms (Views: 1.6ms | ActiveRecord: 0.0ms)
  [1m[35m (0.1ms)[0m  rollback transaction
  [1m[36m (0.0ms)[0m  [1mbegin transaction[0m
--------------------------------------------
HomesControllerTest: test_should_update_home
--------------------------------------------
  [1m[35mHome Load (0.1ms)[0m  SELECT  "lgcs".* FROM "lgcs"  WHERE "lgcs"."id" = ? LIMIT 1  [["id", 980190962]]
Processing by HomesController#update as HTML
  Parameters: {"home"=>{}, "id"=>"980190962"}
Can't verify CSRF token authenticity
Completed 422 Unprocessable Entity in 0ms
  [1m[36m (0.1ms)[0m  [1mrollback transaction[0m
